0 info it worked if it ends with ok
1 verbose cli [ 'C:\\Program Files\\nodejs\\node.exe',
1 verbose cli   'C:\\Program Files\\nodejs\\node_modules\\npm\\bin\\npm-cli.js',
1 verbose cli   'info',
1 verbose cli   'underscore' ]
2 info using npm@3.10.8
3 info using node@v7.0.0
4 silly mapToRegistry name underscore
5 silly mapToRegistry using default registry
6 silly mapToRegistry registry http://registry.cnpmjs.org/
7 silly mapToRegistry data Result {
7 silly mapToRegistry   raw: 'underscore',
7 silly mapToRegistry   scope: null,
7 silly mapToRegistry   escapedName: 'underscore',
7 silly mapToRegistry   name: 'underscore',
7 silly mapToRegistry   rawSpec: '',
7 silly mapToRegistry   spec: 'latest',
7 silly mapToRegistry   type: 'tag' }
8 silly mapToRegistry uri http://registry.cnpmjs.org/underscore
9 verbose request uri http://registry.cnpmjs.org/underscore
10 verbose request no auth needed
11 info attempt registry request try #1 at 10:06:18
12 verbose request id 84a57ccca36d92ea
13 http request GET http://registry.cnpmjs.org/underscore
14 info retry will retry, error on last attempt: Error: read ECONNRESET
15 info attempt registry request try #2 at 10:06:49
16 http request GET http://registry.cnpmjs.org/underscore
17 info retry will retry, error on last attempt: Error: read ECONNRESET
18 info attempt registry request try #3 at 10:08:08
19 http request GET http://registry.cnpmjs.org/underscore
20 verbose stack Error: read ECONNRESET
20 verbose stack     at exports._errnoException (util.js:1026:11)
20 verbose stack     at TCP.onread (net.js:572:26)
21 verbose cwd C:\Users\admin\Desktop\react-demo
22 error Windows_NT 6.1.7601
23 error argv "C:\\Program Files\\nodejs\\node.exe" "C:\\Program Files\\nodejs\\node_modules\\npm\\bin\\npm-cli.js" "info" "underscore"
24 error node v7.0.0
25 error npm  v3.10.8
26 error code ECONNRESET
27 error errno ECONNRESET
28 error syscall read
29 error network read ECONNRESET
30 error network This is most likely not a problem with npm itself
30 error network and is related to network connectivity.
30 error network In most cases you are behind a proxy or have bad network settings.
30 error network
30 error network If you are behind a proxy, please make sure that the
30 error network 'proxy' config is set properly.  See: 'npm help config'
31 verbose exit [ 1, true ]
